2024-08-23 17:37:30,627 - __main__ - INFO - Processando link https://www.americanbassusa.com/products/studio-6-5-speakers?variant=43857565712607
2024-08-23 17:37:31,287 - __main__ - ERROR - Erro ao processar o link https://www.americanbassusa.com/products/studio-6-5-speakers?variant=43857565712607: ('42S22', "[42S22] [Microsoft][ODBC Driver 17 for SQL Server][SQL Server]Invalid column name 'nome_produto'. (207) (SQLExecDirectW)")
2024-08-23 17:37:31,289 - __main__ - INFO - Processando link https://www.americanbassusa.com/products/studio-6-9-speakers-1?variant=43857553424607
2024-08-23 17:37:31,924 - __main__ - ERROR - Erro ao processar o link https://www.americanbassusa.com/products/studio-6-9-speakers-1?variant=43857553424607: ('42S22', "[42S22] [Microsoft][ODBC Driver 17 for SQL Server][SQL Server]Invalid column name 'nome_produto'. (207) (SQLExecDirectW)")
2024-08-23 17:37:31,926 - __main__ - INFO - Processando link https://www.americanbassusa.com/products/symphony-4-speaker?variant=43864145428703
2024-08-23 17:37:32,506 - __main__ - ERROR - Erro ao processar o link https://www.americanbassusa.com/products/symphony-4-speaker?variant=43864145428703: ('42S22', "[42S22] [Microsoft][ODBC Driver 17 for SQL Server][SQL Server]Invalid column name 'nome_produto'. (207) (SQLExecDirectW)")
2024-08-23 17:37:32,507 - __main__ - INFO - Processando link https://www.americanbassusa.com/products/symphony-4-6-speaker?variant=43864147165407
2024-08-23 17:37:33,082 - __main__ - ERROR - Erro ao processar o link https://www.americanbassusa.com/products/symphony-4-6-speaker?variant=43864147165407: ('42S22', "[42S22] [Microsoft][ODBC Driver 17 for SQL Server][SQL Server]Invalid column name 'nome_produto'. (207) (SQLExecDirectW)")
2024-08-23 17:37:33,084 - __main__ - INFO - Processando link https://www.americanbassusa.com/products/symphony-5-25-speaker?variant=43864152637663
2024-08-23 17:37:33,674 - __main__ - ERROR - Erro ao processar o link https://www.americanbassusa.com/products/symphony-5-25-speaker?variant=43864152637663: ('42S22', "[42S22] [Microsoft][ODBC Driver 17 for SQL Server][SQL Server]Invalid column name 'nome_produto'. (207) (SQLExecDirectW)")
2024-08-23 17:37:33,675 - __main__ - INFO - Processando link https://www.americanbassusa.com/products/symphony-5-75-speaker?variant=43864155685087
2024-08-23 17:37:34,292 - __main__ - ERROR - Erro ao processar o link https://www.americanbassusa.com/products/symphony-5-75-speaker?variant=43864155685087: ('42S22', "[42S22] [Microsoft][ODBC Driver 17 for SQL Server][SQL Server]Invalid column name 'nome_produto'. (207) (SQLExecDirectW)")
2024-08-23 17:37:34,293 - __main__ - INFO - Processando link https://www.americanbassusa.com/products/symphony-6-5-speaker?variant=43864161517791
2024-08-23 17:37:34,871 - __main__ - ERROR - Erro ao processar o link https://www.americanbassusa.com/products/symphony-6-5-speaker?variant=43864161517791: ('42S22', "[42S22] [Microsoft][ODBC Driver 17 for SQL Server][SQL Server]Invalid column name 'nome_produto'. (207) (SQLExecDirectW)")
2024-08-23 17:37:34,872 - __main__ - INFO - Processando link https://www.americanbassusa.com/products/symphony-69?variant=43864171348191
2024-08-23 17:37:35,517 - __main__ - ERROR - Erro ao processar o link https://www.americanbassusa.com/products/symphony-69?variant=43864171348191: ('42S22', "[42S22] [Microsoft][ODBC Driver 17 for SQL Server][SQL Server]Invalid column name 'nome_produto'. (207) (SQLExecDirectW)")
2024-08-23 17:37:35,518 - __main__ - INFO - Processando link https://www.americanbassusa.com/products/sq-3-5-speakers?variant=43857578393823
2024-08-23 17:37:36,122 - __main__ - ERROR - Erro ao processar o link https://www.americanbassusa.com/products/sq-3-5-speakers?variant=43857578393823: ('42S22', "[42S22] [Microsoft][ODBC Driver 17 for SQL Server][SQL Server]Invalid column name 'nome_produto'. (207) (SQLExecDirectW)")
2024-08-23 17:37:36,124 - __main__ - INFO - Processando link https://www.americanbassusa.com/products/sq-4-0-speakers?variant=43857582129375
2024-08-23 17:37:36,711 - __main__ - ERROR - Erro ao processar o link https://www.americanbassusa.com/products/sq-4-0-speakers?variant=43857582129375: ('42S22', "[42S22] [Microsoft][ODBC Driver 17 for SQL Server][SQL Server]Invalid column name 'nome_produto'. (207) (SQLExecDirectW)")
2024-08-23 17:37:36,713 - __main__ - INFO - Processando link https://www.americanbassusa.com/products/sq-4-6-speakers?variant=43857586159839
2024-08-23 17:37:37,283 - __main__ - ERROR - Erro ao processar o link https://www.americanbassusa.com/products/sq-4-6-speakers?variant=43857586159839: ('42S22', "[42S22] [Microsoft][ODBC Driver 17 for SQL Server][SQL Server]Invalid column name 'nome_produto'. (207) (SQLExecDirectW)")
2024-08-23 17:37:37,284 - __main__ - INFO - Processando link https://www.americanbassusa.com/products/sq-5-25-speakers?variant=43857586979039
2024-08-23 17:37:37,874 - __main__ - ERROR - Erro ao processar o link https://www.americanbassusa.com/products/sq-5-25-speakers?variant=43857586979039: ('42S22', "[42S22] [Microsoft][ODBC Driver 17 for SQL Server][SQL Server]Invalid column name 'nome_produto'. (207) (SQLExecDirectW)")
2024-08-23 17:37:37,875 - __main__ - INFO - Processando link https://www.americanbassusa.com/products/sq-5-7-speakers?variant=43857588224223
2024-08-23 17:37:38,505 - __main__ - ERROR - Erro ao processar o link https://www.americanbassusa.com/products/sq-5-7-speakers?variant=43857588224223: ('42S22', "[42S22] [Microsoft][ODBC Driver 17 for SQL Server][SQL Server]Invalid column name 'nome_produto'. (207) (SQLExecDirectW)")
2024-08-23 17:37:38,507 - __main__ - INFO - Processando link https://www.americanbassusa.com/products/sq-6-5-speakers?variant=43857589240031
2024-08-23 17:37:39,150 - __main__ - ERROR - Erro ao processar o link https://www.americanbassusa.com/products/sq-6-5-speakers?variant=43857589240031: ('42S22', "[42S22] [Microsoft][ODBC Driver 17 for SQL Server][SQL Server]Invalid column name 'nome_produto'. (207) (SQLExecDirectW)")
2024-08-23 17:37:39,151 - __main__ - INFO - Processando link https://www.americanbassusa.com/products/sq-6-9-speakers?variant=43857629020383
2024-08-23 17:37:39,785 - __main__ - ERROR - Erro ao processar o link https://www.americanbassusa.com/products/sq-6-9-speakers?variant=43857629020383: ('42S22', "[42S22] [Microsoft][ODBC Driver 17 for SQL Server][SQL Server]Invalid column name 'nome_produto'. (207) (SQLExecDirectW)")
2024-08-23 17:37:39,786 - __main__ - INFO - Processando link https://www.americanbassusa.com/products/symphony-2-5-symphony-components?variant=43857255760095
2024-08-23 17:37:40,383 - __main__ - ERROR - Erro ao processar o link https://www.americanbassusa.com/products/symphony-2-5-symphony-components?variant=43857255760095: ('42S22', "[42S22] [Microsoft][ODBC Driver 17 for SQL Server][SQL Server]Invalid column name 'nome_produto'. (207) (SQLExecDirectW)")
2024-08-23 17:37:40,384 - __main__ - INFO - Processando link https://www.americanbassusa.com/products/symphony-5-25-symphony-components?variant=43857256906975
2024-08-23 17:37:40,944 - __main__ - ERROR - Erro ao processar o link https://www.americanbassusa.com/products/symphony-5-25-symphony-components?variant=43857256906975: ('42S22', "[42S22] [Microsoft][ODBC Driver 17 for SQL Server][SQL Server]Invalid column name 'nome_produto'. (207) (SQLExecDirectW)")
2024-08-23 17:37:40,946 - __main__ - INFO - Processando link https://www.americanbassusa.com/products/symphony-6-symphony-components?variant=43857257595103
2024-08-23 17:37:41,619 - __main__ - ERROR - Erro ao processar o link https://www.americanbassusa.com/products/symphony-6-symphony-components?variant=43857257595103: ('42S22', "[42S22] [Microsoft][ODBC Driver 17 for SQL Server][SQL Server]Invalid column name 'nome_produto'. (207) (SQLExecDirectW)")
2024-08-23 17:37:41,620 - __main__ - INFO - Processando link https://www.americanbassusa.com/products/godfather-pro-cast-84-midrange-speaker?variant=44107958321375
2024-08-23 17:37:42,260 - __main__ - ERROR - Erro ao processar o link https://www.americanbassusa.com/products/godfather-pro-cast-84-midrange-speaker?variant=44107958321375: ('42S22', "[42S22] [Microsoft][ODBC Driver 17 for SQL Server][SQL Server]Invalid column name 'nome_produto'. (207) (SQLExecDirectW)")
2024-08-23 17:37:42,261 - __main__ - INFO - Processando link https://www.americanbassusa.com/products/godfather-pro-cast-104-midrange-speaker?variant=44107958747359
2024-08-23 17:37:42,936 - __main__ - ERROR - Erro ao processar o link https://www.americanbassusa.com/products/godfather-pro-cast-104-midrange-speaker?variant=44107958747359: ('42S22', "[42S22] [Microsoft][ODBC Driver 17 for SQL Server][SQL Server]Invalid column name 'nome_produto'. (207) (SQLExecDirectW)")
2024-08-23 17:37:42,938 - __main__ - INFO - Processando link https://www.americanbassusa.com/products/godfather-pro-cast-124-midrange-speaker?variant=44107958976735
2024-08-23 17:37:43,511 - __main__ - ERROR - Erro ao processar o link https://www.americanbassusa.com/products/godfather-pro-cast-124-midrange-speaker?variant=44107958976735: ('42S22', "[42S22] [Microsoft][ODBC Driver 17 for SQL Server][SQL Server]Invalid column name 'nome_produto'. (207) (SQLExecDirectW)")
2024-08-23 17:37:43,512 - __main__ - INFO - Processando link https://www.americanbassusa.com/products/stallion-6-5-speaker?variant=44843041652959
2024-08-23 17:37:44,109 - __main__ - ERROR - Erro ao processar o link https://www.americanbassusa.com/products/stallion-6-5-speaker?variant=44843041652959: ('42S22', "[42S22] [Microsoft][ODBC Driver 17 for SQL Server][SQL Server]Invalid column name 'nome_produto'. (207) (SQLExecDirectW)")
2024-08-23 17:37:44,110 - __main__ - INFO - Processando link https://www.americanbassusa.com/products/stallion-8-speaker?variant=44843056726239
2024-08-23 17:37:44,684 - __main__ - ERROR - Erro ao processar o link https://www.americanbassusa.com/products/stallion-8-speaker?variant=44843056726239: ('42S22', "[42S22] [Microsoft][ODBC Driver 17 for SQL Server][SQL Server]Invalid column name 'nome_produto'. (207) (SQLExecDirectW)")
2024-08-23 17:37:44,685 - __main__ - INFO - Processando link https://www.americanbassusa.com/products/stealth-150?variant=43827580829919
2024-08-23 17:37:45,286 - __main__ - ERROR - Erro ao processar o link https://www.americanbassusa.com/products/stealth-150?variant=43827580829919: ('42S22', "[42S22] [Microsoft][ODBC Driver 17 for SQL Server][SQL Server]Invalid column name 'nome_produto'. (207) (SQLExecDirectW)")
2024-08-23 17:37:45,288 - __main__ - INFO - Processando link https://www.americanbassusa.com/products/stealth-200?variant=43827580862687
2024-08-23 17:37:45,937 - __main__ - ERROR - Erro ao processar o link https://www.americanbassusa.com/products/stealth-200?variant=43827580862687: ('42S22', "[42S22] [Microsoft][ODBC Driver 17 for SQL Server][SQL Server]Invalid column name 'nome_produto'. (207) (SQLExecDirectW)")
2024-08-23 17:37:45,939 - __main__ - INFO - Processando link https://www.americanbassusa.com/products/stealth-350?variant=43827581419743
2024-08-23 17:37:46,540 - __main__ - ERROR - Erro ao processar o link https://www.americanbassusa.com/products/stealth-350?variant=43827581419743: ('42S22', "[42S22] [Microsoft][ODBC Driver 17 for SQL Server][SQL Server]Invalid column name 'nome_produto'. (207) (SQLExecDirectW)")
2024-08-23 17:37:46,541 - __main__ - INFO - Processando link https://www.americanbassusa.com/products/stealth-550?variant=43827581550815
2024-08-23 17:37:47,097 - __main__ - ERROR - Erro ao processar o link https://www.americanbassusa.com/products/stealth-550?variant=43827581550815: ('42S22', "[42S22] [Microsoft][ODBC Driver 17 for SQL Server][SQL Server]Invalid column name 'nome_produto'. (207) (SQLExecDirectW)")
2024-08-23 17:37:47,098 - __main__ - INFO - Processando link https://www.americanbassusa.com/products/stealth-750?variant=43827581583583
2024-08-23 17:37:47,780 - __main__ - ERROR - Erro ao processar o link https://www.americanbassusa.com/products/stealth-750?variant=43827581583583: ('42S22', "[42S22] [Microsoft][ODBC Driver 17 for SQL Server][SQL Server]Invalid column name 'nome_produto'. (207) (SQLExecDirectW)")
2024-08-23 17:37:47,781 - __main__ - INFO - Processando link https://www.americanbassusa.com/products/stealth-1000?variant=43827580535007
2024-08-23 17:37:48,413 - __main__ - ERROR - Erro ao processar o link https://www.americanbassusa.com/products/stealth-1000?variant=43827580535007: ('42S22', "[42S22] [Microsoft][ODBC Driver 17 for SQL Server][SQL Server]Invalid column name 'nome_produto'. (207) (SQLExecDirectW)")
2024-08-23 17:37:48,415 - __main__ - INFO - Processando link https://www.americanbassusa.com/products/vfl-wire?variant=43857604477151
2024-08-23 17:37:49,018 - __main__ - ERROR - Erro ao processar o link https://www.americanbassusa.com/products/vfl-wire?variant=43857604477151: ('42S22', "[42S22] [Microsoft][ODBC Driver 17 for SQL Server][SQL Server]Invalid column name 'nome_produto'. (207) (SQLExecDirectW)")
2024-08-23 17:37:49,020 - __main__ - INFO - Processando link https://www.americanbassusa.com/products/vfl-1666-ofc-wire?variant=44059721597151
2024-08-23 17:37:49,620 - __main__ - ERROR - Erro ao processar o link https://www.americanbassusa.com/products/vfl-1666-ofc-wire?variant=44059721597151: ('42S22', "[42S22] [Microsoft][ODBC Driver 17 for SQL Server][SQL Server]Invalid column name 'nome_produto'. (207) (SQLExecDirectW)")
2024-08-23 17:37:49,622 - __main__ - INFO - Processando link https://www.americanbassusa.com/products/vfl-12-gauge-wire?variant=44059723989215
2024-08-23 17:37:50,211 - __main__ - ERROR - Erro ao processar o link https://www.americanbassusa.com/products/vfl-12-gauge-wire?variant=44059723989215: ('42S22', "[42S22] [Microsoft][ODBC Driver 17 for SQL Server][SQL Server]Invalid column name 'nome_produto'. (207) (SQLExecDirectW)")
2024-08-23 17:37:50,212 - __main__ - INFO - Processando link https://www.americanbassusa.com/products/vfl-ofc-wire-14-gauge?variant=44099914334431
2024-08-23 17:37:50,785 - __main__ - ERROR - Erro ao processar o link https://www.americanbassusa.com/products/vfl-ofc-wire-14-gauge?variant=44099914334431: ('42S22', "[42S22] [Microsoft][ODBC Driver 17 for SQL Server][SQL Server]Invalid column name 'nome_produto'. (207) (SQLExecDirectW)")
2024-08-23 17:37:50,787 - __main__ - INFO - Processando link https://www.americanbassusa.com/products/1-0-gauge-mega-flex-power-cable-25-50ft-roll?variant=43862374416607
2024-08-23 17:37:51,466 - __main__ - ERROR - Erro ao processar o link https://www.americanbassusa.com/products/1-0-gauge-mega-flex-power-cable-25-50ft-roll?variant=43862374416607: ('42S22', "[42S22] [Microsoft][ODBC Driver 17 for SQL Server][SQL Server]Invalid column name 'nome_produto'. (207) (SQLExecDirectW)")
2024-08-23 17:37:51,467 - __main__ - INFO - Processando link https://www.americanbassusa.com/products/4-gauge-mega-flex-power-cable-100ft-roll?variant=43862355542239
2024-08-23 17:37:52,003 - __main__ - ERROR - Erro ao processar o link https://www.americanbassusa.com/products/4-gauge-mega-flex-power-cable-100ft-roll?variant=43862355542239: ('42S22', "[42S22] [Microsoft][ODBC Driver 17 for SQL Server][SQL Server]Invalid column name 'nome_produto'. (207) (SQLExecDirectW)")
2024-08-23 17:37:52,005 - __main__ - INFO - Processando link https://www.americanbassusa.com/products/8-gauge-mega-flex-power-cable-100ft-roll?variant=43862362980575
2024-08-23 17:37:52,635 - __main__ - ERROR - Erro ao processar o link https://www.americanbassusa.com/products/8-gauge-mega-flex-power-cable-100ft-roll?variant=43862362980575: ('42S22', "[42S22] [Microsoft][ODBC Driver 17 for SQL Server][SQL Server]Invalid column name 'nome_produto'. (207) (SQLExecDirectW)")
2024-08-23 17:37:52,636 - __main__ - INFO - Processando link https://www.americanbassusa.com/products/10-gauge-megaflex-speaker-wire-100ft-spool?variant=43862312943839
2024-08-23 17:37:53,201 - __main__ - ERROR - Erro ao processar o link https://www.americanbassusa.com/products/10-gauge-megaflex-speaker-wire-100ft-spool?variant=43862312943839: ('42S22', "[42S22] [Microsoft][ODBC Driver 17 for SQL Server][SQL Server]Invalid column name 'nome_produto'. (207) (SQLExecDirectW)")
2024-08-23 17:37:53,203 - __main__ - INFO - Processando link https://www.americanbassusa.com/products/12-gauge-blue-speaker-wire-50ft-spool?variant=43862337192159
2024-08-23 17:37:53,765 - __main__ - ERROR - Erro ao processar o link https://www.americanbassusa.com/products/12-gauge-blue-speaker-wire-50ft-spool?variant=43862337192159: ('42S22', "[42S22] [Microsoft][ODBC Driver 17 for SQL Server][SQL Server]Invalid column name 'nome_produto'. (207) (SQLExecDirectW)")
2024-08-23 17:37:53,767 - __main__ - INFO - Processando link https://www.americanbassusa.com/products/14-gauge-mega-flex-speaker-wire-100ft-roll?variant=43862341910751
2024-08-23 17:37:54,431 - __main__ - ERROR - Erro ao processar o link https://www.americanbassusa.com/products/14-gauge-mega-flex-speaker-wire-100ft-roll?variant=43862341910751: ('42S22', "[42S22] [Microsoft][ODBC Driver 17 for SQL Server][SQL Server]Invalid column name 'nome_produto'. (207) (SQLExecDirectW)")
2024-08-23 17:37:54,432 - __main__ - INFO - Processando link https://www.americanbassusa.com/products/16-gauge-mega-flex-speaker-wire-500ft-roll?variant=43862343287007
2024-08-23 17:37:55,083 - __main__ - ERROR - Erro ao processar o link https://www.americanbassusa.com/products/16-gauge-mega-flex-speaker-wire-500ft-roll?variant=43862343287007: ('42S22', "[42S22] [Microsoft][ODBC Driver 17 for SQL Server][SQL Server]Invalid column name 'nome_produto'. (207) (SQLExecDirectW)")
2024-08-23 17:37:55,085 - __main__ - INFO - Processando link https://www.americanbassusa.com/products/18-gauge-remote-wire-500ft-spool?variant=43862351773919
2024-08-23 17:37:55,686 - __main__ - ERROR - Erro ao processar o link https://www.americanbassusa.com/products/18-gauge-remote-wire-500ft-spool?variant=43862351773919: ('42S22', "[42S22] [Microsoft][ODBC Driver 17 for SQL Server][SQL Server]Invalid column name 'nome_produto'. (207) (SQLExecDirectW)")
2024-08-23 17:37:55,688 - __main__ - INFO - Processando link https://www.americanbassusa.com/products/ab-ak-1-0-amplifier-kit?variant=44116598620383
2024-08-23 17:37:56,366 - __main__ - ERROR - Erro ao processar o link https://www.americanbassusa.com/products/ab-ak-1-0-amplifier-kit?variant=44116598620383: ('42S22', "[42S22] [Microsoft][ODBC Driver 17 for SQL Server][SQL Server]Invalid column name 'nome_produto'. (207) (SQLExecDirectW)")
2024-08-23 17:37:56,367 - __main__ - INFO - Processando link https://www.americanbassusa.com/products/ab-ak-4-anl-amplifier-kit?variant=44116598554847
2024-08-23 17:37:56,979 - __main__ - ERROR - Erro ao processar o link https://www.americanbassusa.com/products/ab-ak-4-anl-amplifier-kit?variant=44116598554847: ('42S22', "[42S22] [Microsoft][ODBC Driver 17 for SQL Server][SQL Server]Invalid column name 'nome_produto'. (207) (SQLExecDirectW)")
2024-08-23 17:37:56,980 - __main__ - INFO - Processando link https://www.americanbassusa.com/products/ab-ak-8-amplifier-kit?variant=44116598423775
2024-08-23 17:37:57,573 - __main__ - ERROR - Erro ao processar o link https://www.americanbassusa.com/products/ab-ak-8-amplifier-kit?variant=44116598423775: ('42S22', "[42S22] [Microsoft][ODBC Driver 17 for SQL Server][SQL Server]Invalid column name 'nome_produto'. (207) (SQLExecDirectW)")
2024-08-23 17:37:57,575 - __main__ - INFO - Processando link https://www.americanbassusa.com/products/vfl-0-gauge-amplifier-kit?variant=44099943334111
2024-08-23 17:37:58,178 - __main__ - ERROR - Erro ao processar o link https://www.americanbassusa.com/products/vfl-0-gauge-amplifier-kit?variant=44099943334111: ('42S22', "[42S22] [Microsoft][ODBC Driver 17 for SQL Server][SQL Server]Invalid column name 'nome_produto'. (207) (SQLExecDirectW)")
2024-08-23 17:37:58,179 - __main__ - INFO - Processando link https://www.americanbassusa.com/products/vfl-4-gauge-amplifier-kit?variant=43857362256095
2024-08-23 17:37:58,809 - __main__ - ERROR - Erro ao processar o link https://www.americanbassusa.com/products/vfl-4-gauge-amplifier-kit?variant=43857362256095: ('42S22', "[42S22] [Microsoft][ODBC Driver 17 for SQL Server][SQL Server]Invalid column name 'nome_produto'. (207) (SQLExecDirectW)")
2024-08-23 17:37:58,811 - __main__ - INFO - Processando link https://www.americanbassusa.com/products/st-rca-cables?variant=43857591238879
2024-08-23 17:37:59,396 - __main__ - ERROR - Erro ao processar o link https://www.americanbassusa.com/products/st-rca-cables?variant=43857591238879: ('42S22', "[42S22] [Microsoft][ODBC Driver 17 for SQL Server][SQL Server]Invalid column name 'nome_produto'. (207) (SQLExecDirectW)")
2024-08-23 17:37:59,398 - __main__ - INFO - Processando link https://www.americanbassusa.com/products/fuse-block?variant=43857565679839
2024-08-23 17:37:59,981 - __main__ - ERROR - Erro ao processar o link https://www.americanbassusa.com/products/fuse-block?variant=43857565679839: ('42S22', "[42S22] [Microsoft][ODBC Driver 17 for SQL Server][SQL Server]Invalid column name 'nome_produto'. (207) (SQLExecDirectW)")
2024-08-23 17:37:59,983 - __main__ - INFO - Processando link https://www.americanbassusa.com/products/american-bass-power-block?variant=43857590845663
2024-08-23 17:38:00,567 - __main__ - ERROR - Erro ao processar o link https://www.americanbassusa.com/products/american-bass-power-block?variant=43857590845663: ('42S22', "[42S22] [Microsoft][ODBC Driver 17 for SQL Server][SQL Server]Invalid column name 'nome_produto'. (207) (SQLExecDirectW)")
2024-08-23 17:38:00,568 - __main__ - INFO - Processando link https://www.americanbassusa.com/products/fuse-holders?variant=43857587241183
2024-08-23 17:38:01,147 - __main__ - ERROR - Erro ao processar o link https://www.americanbassusa.com/products/fuse-holders?variant=43857587241183: ('42S22', "[42S22] [Microsoft][ODBC Driver 17 for SQL Server][SQL Server]Invalid column name 'nome_produto'. (207) (SQLExecDirectW)")
2024-08-23 17:38:01,148 - __main__ - INFO - Processando link https://www.americanbassusa.com/products/fuses?variant=43857569874143
2024-08-23 17:38:01,761 - __main__ - ERROR - Erro ao processar o link https://www.americanbassusa.com/products/fuses?variant=43857569874143: ('42S22', "[42S22] [Microsoft][ODBC Driver 17 for SQL Server][SQL Server]Invalid column name 'nome_produto'. (207) (SQLExecDirectW)")
2024-08-23 17:38:01,763 - __main__ - INFO - Processando link https://www.americanbassusa.com/products/ring-terminal?variant=43857558274271
2024-08-23 17:38:02,408 - __main__ - ERROR - Erro ao processar o link https://www.americanbassusa.com/products/ring-terminal?variant=43857558274271: ('42S22', "[42S22] [Microsoft][ODBC Driver 17 for SQL Server][SQL Server]Invalid column name 'nome_produto'. (207) (SQLExecDirectW)")
2024-08-23 17:38:02,577 - __main__ - INFO - Alterações salvas no banco de dados.
2024-08-23 17:38:02,577 - __main__ - INFO - Conexão com SQL Azure fechada.
2024-08-23 17:38:03,179 - __main__ - INFO - Planilha salva com sucesso.
2024-08-23 17:38:03,180 - __main__ - INFO - Processo concluído com sucesso.
